Release 14.5 - xst P.58f (nt64)
Copyright (c) 1995-2012 Xilinx, Inc.  All rights reserved.
--> Parameter TMPDIR set to xst/projnav.tmp


Total REAL time to Xst completion: 0.00 secs
Total CPU time to Xst completion: 0.22 secs
 
--> Parameter xsthdpdir set to xst


Total REAL time to Xst completion: 0.00 secs
Total CPU time to Xst completion: 0.22 secs
 
--> Reading design: lab5uta.prj

TABLE OF CONTENTS
  1) Synthesis Options Summary
  2) HDL Compilation
  3) Design Hierarchy Analysis
  4) HDL Analysis
  5) HDL Synthesis
     5.1) HDL Synthesis Report
  6) Advanced HDL Synthesis
     6.1) Advanced HDL Synthesis Report
  7) Low Level Synthesis
  8) Partition Report
  9) Final Report
	9.1) Device utilization summary
	9.2) Partition Resource Summary
	9.3) TIMING REPORT


=========================================================================
*                      Synthesis Options Summary                        *
=========================================================================
---- Source Parameters
Input File Name                    : "lab5uta.prj"
Input Format                       : mixed
Ignore Synthesis Constraint File   : NO

---- Target Parameters
Output File Name                   : "lab5uta"
Output Format                      : NGC
Target Device                      : xc3s100e-4-cp132

---- Source Options
Top Module Name                    : lab5uta
Automatic FSM Extraction           : YES
FSM Encoding Algorithm             : Auto
Safe Implementation                : No
FSM Style                          : LUT
RAM Extraction                     : Yes
RAM Style                          : Auto
ROM Extraction                     : Yes
Mux Style                          : Auto
Decoder Extraction                 : YES
Priority Encoder Extraction        : Yes
Shift Register Extraction          : YES
Logical Shifter Extraction         : YES
XOR Collapsing                     : YES
ROM Style                          : Auto
Mux Extraction                     : Yes
Resource Sharing                   : YES
Asynchronous To Synchronous        : NO
Multiplier Style                   : Auto
Automatic Register Balancing       : No

---- Target Options
Add IO Buffers                     : YES
Global Maximum Fanout              : 500
Add Generic Clock Buffer(BUFG)     : 24
Register Duplication               : YES
Slice Packing                      : YES
Optimize Instantiated Primitives   : NO
Use Clock Enable                   : Yes
Use Synchronous Set                : Yes
Use Synchronous Reset              : Yes
Pack IO Registers into IOBs        : Auto
Equivalent register Removal        : YES

---- General Options
Optimization Goal                  : Speed
Optimization Effort                : 1
Keep Hierarchy                     : No
Netlist Hierarchy                  : As_Optimized
RTL Output                         : Yes
Global Optimization                : AllClockNets
Read Cores                         : YES
Write Timing Constraints           : NO
Cross Clock Analysis               : NO
Hierarchy Separator                : /
Bus Delimiter                      : <>
Case Specifier                     : Maintain
Slice Utilization Ratio            : 100
BRAM Utilization Ratio             : 100
Verilog 2001                       : YES
Auto BRAM Packing                  : NO
Slice Utilization Ratio Delta      : 5

=========================================================================


=========================================================================
*                          HDL Compilation                              *
=========================================================================
Compiling verilog file "lab5uta.v" in library work
Module <lab5uta> compiled
No errors in compilation
Analysis of file <"lab5uta.prj"> succeeded.
 

=========================================================================
*                     Design Hierarchy Analysis                         *
=========================================================================
Analyzing hierarchy for module <lab5uta> in library <work>.


=========================================================================
*                            HDL Analysis                               *
=========================================================================
Analyzing top module <lab5uta>.
Module <lab5uta> is correct for synthesis.
 

=========================================================================
*                           HDL Synthesis                               *
=========================================================================

Performing bidirectional port resolution...

Synthesizing Unit <lab5uta>.
    Related source file is "lab5uta.v".
WARNING:Xst:647 - Input <instruction<31:28>> is never used. This port will be preserved and left unconnected if it belongs to a top-level block or it belongs to a sub-block and the hierarchy of this sub-block is preserved.
WARNING:Xst:647 - Input <instruction<23:8>> is never used. This port will be preserved and left unconnected if it belongs to a top-level block or it belongs to a sub-block and the hierarchy of this sub-block is preserved.
WARNING:Xst:647 - Input <instruction<3:0>> is never used. This port will be preserved and left unconnected if it belongs to a top-level block or it belongs to a sub-block and the hierarchy of this sub-block is preserved.
WARNING:Xst:737 - Found 3-bit latch for signal <data_ins_type>. Latches may be generated from incomplete case or if statements. We do not recommend the use of latches in FPGA/CPLD designs, as they may lead to timing problems.
WARNING:Xst:737 - Found 2-bit latch for signal <mem_ins_type>. Latches may be generated from incomplete case or if statements. We do not recommend the use of latches in FPGA/CPLD designs, as they may lead to timing problems.
WARNING:Xst:737 - Found 2-bit latch for signal <branch_ins_type>. Latches may be generated from incomplete case or if statements. We do not recommend the use of latches in FPGA/CPLD designs, as they may lead to timing problems.
    Found 4x2-bit ROM for signal <ins_type>.
    Summary:
	inferred   1 ROM(s).
Unit <lab5uta> synthesized.


=========================================================================
HDL Synthesis Report

Macro Statistics
# ROMs                                                 : 1
 4x2-bit ROM                                           : 1
# Latches                                              : 3
 2-bit latch                                           : 2
 3-bit latch                                           : 1

=========================================================================

=========================================================================
*                       Advanced HDL Synthesis                          *
=========================================================================

WARNING:Xst:1710 - FF/Latch <0> (without init value) has a constant value of 0 in block <1>. This FF/Latch will be trimmed during the optimization process.

=========================================================================
Advanced HDL Synthesis Report

Macro Statistics
# ROMs                                                 : 1
 4x2-bit ROM                                           : 1
# Latches                                              : 3
 2-bit latch                                           : 2
 3-bit latch                                           : 1

=========================================================================

=========================================================================
*                         Low Level Synthesis                           *
=========================================================================
WARNING:Xst:1710 - FF/Latch <mem_ins_type_1> (without init value) has a constant value of 0 in block <lab5uta>. This FF/Latch will be trimmed during the optimization process.

Optimizing unit <lab5uta> ...

Mapping all equations...
Building and optimizing final netlist ...
Found area constraint ratio of 100 (+ 5) on block lab5uta, actual ratio is 0.

Final Macro Processing ...

=========================================================================
Final Register Report

Found no macro
=========================================================================

=========================================================================
*                           Partition Report                            *
=========================================================================

Partition Implementation Status
-------------------------------

  No Partitions were found in this design.

-------------------------------

=========================================================================
*                            Final Report                               *
=========================================================================
Final Results
RTL Top Level Output File Name     : lab5uta.ngr
Top Level Output File Name         : lab5uta
Output Format                      : NGC
Optimization Goal                  : Speed
Keep Hierarchy                     : No

Design Statistics
# IOs                              : 41

Cell Usage :
# BELS                             : 12
#      GND                         : 1
#      INV                         : 1
#      LUT2                        : 6
#      LUT3                        : 3
#      LUT4                        : 1
# FlipFlops/Latches                : 6
#      LD                          : 3
#      LD_1                        : 3
# IO Buffers                       : 17
#      IBUF                        : 8
#      OBUF                        : 9
=========================================================================

Device utilization summary:
---------------------------

Selected Device : 3s100ecp132-4 

 Number of Slices:                        6  out of    960     0%  
 Number of 4 input LUTs:                 11  out of   1920     0%  
 Number of IOs:                          41
 Number of bonded IOBs:                  17  out of     83    20%  
    IOB Flip Flops:                       6

---------------------------
Partition Resource Summary:
---------------------------

  No Partitions were found in this design.

---------------------------


=========================================================================
TIMING REPORT

NOTE: THESE TIMING NUMBERS ARE ONLY A SYNTHESIS ESTIMATE.
      FOR ACCURATE TIMING INFORMATION PLEASE REFER TO THE TRACE REPORT
      GENERATED AFTER PLACE-and-ROUTE.

Clock Information:
------------------
---------------------------------------------------------+---------------------------+-------+
Clock Signal                                             | Clock buffer(FF name)     | Load  |
---------------------------------------------------------+---------------------------+-------+
branch_ins_type_cmp_eq0000(branch_ins_type_cmp_eq00001:O)| NONE(*)(branch_ins_type_0)| 2     |
mem_ins_type_cmp_eq0000(mem_ins_type_cmp_eq00001:O)      | NONE(*)(mem_ins_type_0)   | 1     |
data_ins_type_not0001(data_ins_type_not00011:O)          | NONE(*)(data_ins_type_0)  | 3     |
---------------------------------------------------------+---------------------------+-------+
(*) These 3 clock signal(s) are generated by combinatorial logic,
and XST is not able to identify which are the primary clock signals.
Please use the CLOCK_SIGNAL constraint to specify the clock signal(s) generated by combinatorial logic.
INFO:Xst:2169 - HDL ADVISOR - Some clock signals were not automatically buffered by XST with BUFG/BUFR resources. Please use the buffer_type constraint in order to insert these buffers to the clock signals to help prevent skew problems.

Asynchronous Control Signals Information:
----------------------------------------
No asynchronous control signals found in this design

Timing Summary:
---------------
Speed Grade: -4

   Minimum period: No path found
   Minimum input arrival time before clock: 4.106ns
   Maximum output required time after clock: 4.368ns
   Maximum combinational path delay: 6.422ns

Timing Detail:
--------------
All values displayed in nanoseconds (ns)

=========================================================================
Timing constraint: Default OFFSET IN BEFORE for Clock 'branch_ins_type_cmp_eq0000'
  Total number of paths / destination ports: 4 / 2
-------------------------------------------------------------------------
Offset:              3.074ns (Levels of Logic = 2)
  Source:            instruction<25> (PAD)
  Destination:       branch_ins_type_0 (LATCH)
  Destination Clock: branch_ins_type_cmp_eq0000 falling

  Data Path: instruction<25> to branch_ins_type_0
                                Gate     Net
    Cell:in->out      fanout   Delay   Delay  Logical Name (Net Name)
    ----------------------------------------  ------------
     IBUF:I->O             6   1.218   0.844  instruction_25_IBUF (instruction_25_IBUF)
     LUT2:I0->O            1   0.704   0.000  branch_ins_type_mux0000<0>1 (branch_ins_type_mux0000<0>)
     LD:D                      0.308          branch_ins_type_1
    ----------------------------------------
    Total                      3.074ns (2.230ns logic, 0.844ns route)
                                       (72.5% logic, 27.5% route)

=========================================================================
Timing constraint: Default OFFSET IN BEFORE for Clock 'mem_ins_type_cmp_eq0000'
  Total number of paths / destination ports: 1 / 1
-------------------------------------------------------------------------
Offset:              2.195ns (Levels of Logic = 1)
  Source:            instruction<25> (PAD)
  Destination:       mem_ins_type_0 (LATCH)
  Destination Clock: mem_ins_type_cmp_eq0000 falling

  Data Path: instruction<25> to mem_ins_type_0
                                Gate     Net
    Cell:in->out      fanout   Delay   Delay  Logical Name (Net Name)
    ----------------------------------------  ------------
     IBUF:I->O             6   1.218   0.669  instruction_25_IBUF (instruction_25_IBUF)
     LD:D                      0.308          mem_ins_type_0
    ----------------------------------------
    Total                      2.195ns (1.526ns logic, 0.669ns route)
                                       (69.5% logic, 30.5% route)

=========================================================================
Timing constraint: Default OFFSET IN BEFORE for Clock 'data_ins_type_not0001'
  Total number of paths / destination ports: 12 / 3
-------------------------------------------------------------------------
Offset:              4.106ns (Levels of Logic = 3)
  Source:            instruction<25> (PAD)
  Destination:       data_ins_type_2 (LATCH)
  Destination Clock: data_ins_type_not0001 rising

  Data Path: instruction<25> to data_ins_type_2
                                Gate     Net
    Cell:in->out      fanout   Delay   Delay  Logical Name (Net Name)
    ----------------------------------------  ------------
     IBUF:I->O             6   1.218   0.748  instruction_25_IBUF (instruction_25_IBUF)
     LUT3:I1->O            1   0.704   0.424  data_ins_type_mux0000<0>_SW0 (N11)
     LUT4:I3->O            1   0.704   0.000  data_ins_type_mux0000<0> (data_ins_type_mux0000<0>)
     LD_1:D                    0.308          data_ins_type_2
    ----------------------------------------
    Total                      4.106ns (2.934ns logic, 1.172ns route)
                                       (71.5% logic, 28.5% route)

=========================================================================
Timing constraint: Default OFFSET OUT AFTER for Clock 'branch_ins_type_cmp_eq0000'
  Total number of paths / destination ports: 2 / 2
-------------------------------------------------------------------------
Offset:              4.368ns (Levels of Logic = 1)
  Source:            branch_ins_type_1 (LATCH)
  Destination:       branch_ins_type<1> (PAD)
  Source Clock:      branch_ins_type_cmp_eq0000 falling

  Data Path: branch_ins_type_1 to branch_ins_type<1>
                                Gate     Net
    Cell:in->out      fanout   Delay   Delay  Logical Name (Net Name)
    ----------------------------------------  ------------
     LD:G->Q               1   0.676   0.420  branch_ins_type_1 (branch_ins_type_1)
     OBUF:I->O                 3.272          branch_ins_type_1_OBUF (branch_ins_type<1>)
    ----------------------------------------
    Total                      4.368ns (3.948ns logic, 0.420ns route)
                                       (90.4% logic, 9.6% route)

=========================================================================
Timing constraint: Default OFFSET OUT AFTER for Clock 'data_ins_type_not0001'
  Total number of paths / destination ports: 3 / 3
-------------------------------------------------------------------------
Offset:              4.368ns (Levels of Logic = 1)
  Source:            data_ins_type_2 (LATCH)
  Destination:       data_ins_type<2> (PAD)
  Source Clock:      data_ins_type_not0001 rising

  Data Path: data_ins_type_2 to data_ins_type<2>
                                Gate     Net
    Cell:in->out      fanout   Delay   Delay  Logical Name (Net Name)
    ----------------------------------------  ------------
     LD_1:G->Q             1   0.676   0.420  data_ins_type_2 (data_ins_type_2)
     OBUF:I->O                 3.272          data_ins_type_2_OBUF (data_ins_type<2>)
    ----------------------------------------
    Total                      4.368ns (3.948ns logic, 0.420ns route)
                                       (90.4% logic, 9.6% route)

=========================================================================
Timing constraint: Default OFFSET OUT AFTER for Clock 'mem_ins_type_cmp_eq0000'
  Total number of paths / destination ports: 1 / 1
-------------------------------------------------------------------------
Offset:              4.368ns (Levels of Logic = 1)
  Source:            mem_ins_type_0 (LATCH)
  Destination:       mem_ins_type<0> (PAD)
  Source Clock:      mem_ins_type_cmp_eq0000 falling

  Data Path: mem_ins_type_0 to mem_ins_type<0>
                                Gate     Net
    Cell:in->out      fanout   Delay   Delay  Logical Name (Net Name)
    ----------------------------------------  ------------
     LD:G->Q               1   0.676   0.420  mem_ins_type_0 (mem_ins_type_0)
     OBUF:I->O                 3.272          mem_ins_type_0_OBUF (mem_ins_type<0>)
    ----------------------------------------
    Total                      4.368ns (3.948ns logic, 0.420ns route)
                                       (90.4% logic, 9.6% route)

=========================================================================
Timing constraint: Default path analysis
  Total number of paths / destination ports: 3 / 2
-------------------------------------------------------------------------
Delay:               6.422ns (Levels of Logic = 3)
  Source:            instruction<26> (PAD)
  Destination:       ins_type<1> (PAD)

  Data Path: instruction<26> to ins_type<1>
                                Gate     Net
    Cell:in->out      fanout   Delay   Delay  Logical Name (Net Name)
    ----------------------------------------  ------------
     IBUF:I->O             5   1.218   0.808  instruction_26_IBUF (instruction_26_IBUF)
     LUT2:I0->O            1   0.704   0.420  Mrom_ins_type111 (ins_type_1_OBUF)
     OBUF:I->O                 3.272          ins_type_1_OBUF (ins_type<1>)
    ----------------------------------------
    Total                      6.422ns (5.194ns logic, 1.228ns route)
                                       (80.9% logic, 19.1% route)

=========================================================================


Total REAL time to Xst completion: 6.00 secs
Total CPU time to Xst completion: 6.32 secs
 
--> 

Total memory usage is 4455832 kilobytes

Number of errors   :    0 (   0 filtered)
Number of warnings :    8 (   0 filtered)
Number of infos    :    1 (   0 filtered)

